<?xml version="1.0" encoding="UTF-8"?>
<!-- Generated by org.testng.reporters.JUnitReportReporter -->
<testsuite skipped="0" hostname="Riversupport" name="restassuredlearning.SimpleGetTest" tests="1" failures="0" timestamp="2020-02-29T11:06:24 IST" time="11.482" errors="0">
  <testcase name="System_estimator" time="11.482" classname="restassuredlearning.SimpleGetTest"/>
</testsuite> <!-- restassuredlearning.SimpleGetTest -->
